<?xml version="1.0" encoding="UTF-8"?>
<testsuites name="TS-01CuraKatalon" time="26" tests="2" failures="1" errors="0">
   <testsuite name="TS-01CuraKatalon" tests="2" failures="1" errors="0" time="26" timestamp="2018-12-18 20:19:09" hostname="aluno - DEVSL01.supera.com.br" id="Test Suites/TS-01CuraKatalon">
      <properties>
         <property name="deviceName" value=""/>
         <property name="devicePlatform" value=""/>
         <property name="logFolder" value="C:\\Users\\aluno\\Katalon Studio\\caso1teste\\Reports\\TS-01CuraKatalon\\20181218_201906"/>
         <property name="logFiles" value="C:\\Users\\aluno\\Katalon Studio\\caso1teste\\Reports\\TS-01CuraKatalon\\20181218_201906\\execution0.log"/>
         <property name="attachments" value="C:\\Users\\aluno\\Katalon Studio\\caso1teste\\Reports\\TS-01CuraKatalon\\20181218_201906\\1545171565055.png"/>
         <property name="hostName" value="aluno - DEVSL01.supera.com.br"/>
         <property name="os" value="Windows 10 64bit"/>
         <property name="katalonVersion" value="5.9.1.2"/>
         <property name="browser" value="Chrome 71.0.3578.98"/>
         <property name="hostAddress" value="192.168.6.31"/>
         <property name="sessionId" value="5b1c7f94cb2ff599922a6d31c5ba5964"/>
         <property name="seleniumVersion" value="3.7.1"/>
         <property name="proxyInformation" value="ProxyInformation{proxyOption=NO_PROXY, proxyServerType=HTTP, password=, proxyServerAddress=, proxyServerPort=0}"/>
         <property name="platform" value="Windows 10"/>
      </properties>
      <testcase name="Test Cases/TC01-Login" classname="Test Cases/TC01-Login" status="PASSED">
         <system-out><![CDATA[2018-12-18 20:19:09 - [TEST_CASE][PASSED] - Test Cases/TC01-Login: Test Cases/TC01-Login

2018-12-18 20:19:09 - [TEST_STEP][PASSED] - openBrowser(""): Browser is opened with url: ''

2018-12-18 20:19:10 - [MESSAGE][INFO] - Starting 'Chrome' driver

2018-12-18 20:19:10 - [MESSAGE][INFO] - Action delay is set to 0 seconds

2018-12-18 20:19:13 - [MESSAGE][PASSED] - Browser is opened with url: ''

2018-12-18 20:19:13 - [TEST_STEP][PASSED] - navigateToUrl("https://katalon-demo-cura.herokuapp.com/"): Navigate to 'https://katalon-demo-cura.herokuapp.com/' successfully

2018-12-18 20:19:16 - [MESSAGE][PASSED] - Navigate to 'https://katalon-demo-cura.herokuapp.com/' successfully

2018-12-18 20:19:16 - [TEST_STEP][PASSED] - click(findTestObject("Object Repository/MarcaConsulta/a_Make Appointment")): Object: 'Object Repository/MarcaConsulta/a_Make Appointment' is clicked on

2018-12-18 20:19:16 - [MESSAGE][PASSED] - Object: 'Object Repository/MarcaConsulta/a_Make Appointment' is clicked on

2018-12-18 20:19:16 - [TEST_STEP][PASSED] - setEncryptedText(findTestObject("Object Repository/MarcaConsulta/input_Password_password"), "g3/DOGG74jC3Flrr3yH+3D/yKbOqqUNM"): Text ****** has been set on object 'Object Repository/MarcaConsulta/input_Password_password'

2018-12-18 20:19:16 - [MESSAGE][PASSED] - Text ****** has been set on object 'Object Repository/MarcaConsulta/input_Password_password'

2018-12-18 20:19:16 - [TEST_STEP][PASSED] - setText(findTestObject("Object Repository/MarcaConsulta/input_Username_username"), "John Doe"): Text 'John Doe' is set on object 'Object Repository/MarcaConsulta/input_Username_username'

2018-12-18 20:19:17 - [MESSAGE][PASSED] - Text 'John Doe' is set on object 'Object Repository/MarcaConsulta/input_Username_username'

2018-12-18 20:19:17 - [TEST_STEP][PASSED] - click(findTestObject("Object Repository/MarcaConsulta/button_Login")): Object: 'Object Repository/MarcaConsulta/button_Login' is clicked on

2018-12-18 20:19:17 - [MESSAGE][PASSED] - Object: 'Object Repository/MarcaConsulta/button_Login' is clicked on

2018-12-18 20:19:17 - [TEST_STEP][PASSED] - click(findTestObject("Object Repository/MarcaConsulta/label_Apply for hospital readm")): Object: 'Object Repository/MarcaConsulta/label_Apply for hospital readm' is clicked on

2018-12-18 20:19:17 - [MESSAGE][PASSED] - Object: 'Object Repository/MarcaConsulta/label_Apply for hospital readm' is clicked on

2018-12-18 20:19:17 - [TEST_STEP][PASSED] - setText(findTestObject("Object Repository/MarcaConsulta/input_Visit Date (Required)_vi"), "29/09/1993"): Text '29/09/1993' is set on object 'Object Repository/MarcaConsulta/input_Visit Date (Required)_vi'

2018-12-18 20:19:18 - [MESSAGE][PASSED] - Text '29/09/1993' is set on object 'Object Repository/MarcaConsulta/input_Visit Date (Required)_vi'

2018-12-18 20:19:18 - [TEST_STEP][PASSED] - setText(findTestObject("Object Repository/MarcaConsulta/textarea_Comment_comment"), "teste123 oj ogo"): Text 'teste123 oj ogo' is set on object 'Object Repository/MarcaConsulta/textarea_Comment_comment'

2018-12-18 20:19:18 - [MESSAGE][PASSED] - Text 'teste123 oj ogo' is set on object 'Object Repository/MarcaConsulta/textarea_Comment_comment'

2018-12-18 20:19:18 - [TEST_STEP][PASSED] - click(findTestObject("Object Repository/MarcaConsulta/button_Book Appointment")): Object: 'Object Repository/MarcaConsulta/button_Book Appointment' is clicked on

2018-12-18 20:19:18 - [MESSAGE][PASSED] - Object: 'Object Repository/MarcaConsulta/button_Book Appointment' is clicked on

2018-12-18 20:19:18 - [TEST_STEP][PASSED] - check(findTestObject("Object Repository/MarcaConsulta/div_Appointment Confirmation")): Object 'Object Repository/MarcaConsulta/div_Appointment Confirmation' is checked

2018-12-18 20:19:18 - [MESSAGE][PASSED] - Object 'Object Repository/MarcaConsulta/div_Appointment Confirmation' is checked

2018-12-18 20:19:18 - [TEST_STEP][PASSED] - click(findTestObject("Object Repository/MarcaConsulta/a_Go to Homepage")): Object: 'Object Repository/MarcaConsulta/a_Go to Homepage' is clicked on

2018-12-18 20:19:18 - [MESSAGE][PASSED] - Object: 'Object Repository/MarcaConsulta/a_Go to Homepage' is clicked on]]></system-out>
         <system-err><![CDATA[]]></system-err>
      </testcase>
      <testcase name="Test Cases/TC02-MarcarConsulta" classname="Test Cases/TC02-MarcarConsulta" status="FAILED">
         <failure type="FAILED" message="Test Cases/TC02-MarcarConsulta FAILED.
Reason:
com.kms.katalon.core.exception.StepFailedException: Unable to click on object (Root cause: java.lang.IllegalArgumentException: Object is null)
	at com.kms.katalon.core.keyword.internal.KeywordMain.stepFailed(KeywordMain.groovy:36)
	at com.kms.katalon.core.webui.keyword.internal.WebUIKeywordMain.stepFailed(WebUIKeywordMain.groovy:65)
	at com.kms.katalon.core.webui.keyword.internal.WebUIKeywordMain.runKeyword(WebUIKeywordMain.groovy:27)
	at com.kms.katalon.core.webui.keyword.builtin.ClickKeyword.click(ClickKeyword.groovy:86)
	at com.kms.katalon.core.webui.keyword.builtin.ClickKeyword.execute(ClickKeyword.groovy:67)
	at com.kms.katalon.core.keyword.internal.KeywordExecutor.executeKeywordForPlatform(KeywordExecutor.groovy:53)
	at com.kms.katalon.core.webui.keyword.WebUiBuiltInKeywords.click(WebUiBuiltInKeywords.groovy:616)
	at com.kms.katalon.core.webui.keyword.WebUiBuiltInKeywords$click$1.call(Unknown Source)
	at TC02-MarcarConsulta.run(TC02-MarcarConsulta:20)
	at com.kms.katalon.core.main.ScriptEngine.run(ScriptEngine.java:194)
	at com.kms.katalon.core.main.ScriptEngine.runScriptAsRawText(ScriptEngine.java:119)
	at com.kms.katalon.core.main.TestCaseExecutor.runScript(TestCaseExecutor.java:321)
	at com.kms.katalon.core.main.TestCaseExecutor.doExecute(TestCaseExecutor.java:312)
	at com.kms.katalon.core.main.TestCaseExecutor.processExecutionPhase(TestCaseExecutor.java:291)
	at com.kms.katalon.core.main.TestCaseExecutor.accessMainPhase(TestCaseExecutor.java:283)
	at com.kms.katalon.core.main.TestCaseExecutor.execute(TestCaseExecutor.java:222)
	at com.kms.katalon.core.main.TestSuiteExecutor.accessTestCaseMainPhase(TestSuiteExecutor.java:129)
	at com.kms.katalon.core.main.TestSuiteExecutor.accessTestSuiteMainPhase(TestSuiteExecutor.java:112)
	at com.kms.katalon.core.main.TestSuiteExecutor.execute(TestSuiteExecutor.java:81)
	at com.kms.katalon.core.main.TestCaseMain.startTestSuite(TestCaseMain.java:149)
	at com.kms.katalon.core.main.TestCaseMain$startTestSuite$0.call(Unknown Source)
	at TempTestSuite1545171546896.run(TempTestSuite1545171546896.groovy:36)
"/>
         <system-out><![CDATA[2018-12-18 20:19:19 - [TEST_CASE][FAILED] - Test Cases/TC02-MarcarConsulta: Test Cases/TC02-MarcarConsulta FAILED.
Reason:
com.kms.katalon.core.exception.StepFailedException: Unable to click on object (Root cause: java.lang.IllegalArgumentException: Object is null)
	at com.kms.katalon.core.keyword.internal.KeywordMain.stepFailed(KeywordMain.groovy:36)
	at com.kms.katalon.core.webui.keyword.internal.WebUIKeywordMain.stepFailed(WebUIKeywordMain.groovy:65)
	at com.kms.katalon.core.webui.keyword.internal.WebUIKeywordMain.runKeyword(WebUIKeywordMain.groovy:27)
	at com.kms.katalon.core.webui.keyword.builtin.ClickKeyword.click(ClickKeyword.groovy:86)
	at com.kms.katalon.core.webui.keyword.builtin.ClickKeyword.execute(ClickKeyword.groovy:67)
	at com.kms.katalon.core.keyword.internal.KeywordExecutor.executeKeywordForPlatform(KeywordExecutor.groovy:53)
	at com.kms.katalon.core.webui.keyword.WebUiBuiltInKeywords.click(WebUiBuiltInKeywords.groovy:616)
	at com.kms.katalon.core.webui.keyword.WebUiBuiltInKeywords$click$1.call(Unknown Source)
	at TC02-MarcarConsulta.run(TC02-MarcarConsulta:20)
	at com.kms.katalon.core.main.ScriptEngine.run(ScriptEngine.java:194)
	at com.kms.katalon.core.main.ScriptEngine.runScriptAsRawText(ScriptEngine.java:119)
	at com.kms.katalon.core.main.TestCaseExecutor.runScript(TestCaseExecutor.java:321)
	at com.kms.katalon.core.main.TestCaseExecutor.doExecute(TestCaseExecutor.java:312)
	at com.kms.katalon.core.main.TestCaseExecutor.processExecutionPhase(TestCaseExecutor.java:291)
	at com.kms.katalon.core.main.TestCaseExecutor.accessMainPhase(TestCaseExecutor.java:283)
	at com.kms.katalon.core.main.TestCaseExecutor.execute(TestCaseExecutor.java:222)
	at com.kms.katalon.core.main.TestSuiteExecutor.accessTestCaseMainPhase(TestSuiteExecutor.java:129)
	at com.kms.katalon.core.main.TestSuiteExecutor.accessTestSuiteMainPhase(TestSuiteExecutor.java:112)
	at com.kms.katalon.core.main.TestSuiteExecutor.execute(TestSuiteExecutor.java:81)
	at com.kms.katalon.core.main.TestCaseMain.startTestSuite(TestCaseMain.java:149)
	at com.kms.katalon.core.main.TestCaseMain$startTestSuite$0.call(Unknown Source)
	at TempTestSuite1545171546896.run(TempTestSuite1545171546896.groovy:36)


2018-12-18 20:19:19 - [TEST_STEP][PASSED] - openBrowser(""): Browser is opened with url: ''

2018-12-18 20:19:19 - [MESSAGE][WARNING] - A browser is already opened. Closing browser and opening a new one

2018-12-18 20:19:19 - [MESSAGE][INFO] - Starting 'Chrome' driver

2018-12-18 20:19:22 - [MESSAGE][PASSED] - Browser is opened with url: ''

2018-12-18 20:19:22 - [TEST_STEP][PASSED] - navigateToUrl("https://katalon-demo-cura.herokuapp.com/"): Navigate to 'https://katalon-demo-cura.herokuapp.com/' successfully

2018-12-18 20:19:25 - [MESSAGE][PASSED] - Navigate to 'https://katalon-demo-cura.herokuapp.com/' successfully

2018-12-18 20:19:25 - [TEST_STEP][FAILED] - click(findTestObject("null")): click(findTestObject("null")) FAILED.
Reason:
com.kms.katalon.core.exception.StepFailedException: Unable to click on object (Root cause: java.lang.IllegalArgumentException: Object is null)
	at com.kms.katalon.core.keyword.internal.KeywordMain.stepFailed(KeywordMain.groovy:36)
	at com.kms.katalon.core.webui.keyword.internal.WebUIKeywordMain.stepFailed(WebUIKeywordMain.groovy:65)
	at com.kms.katalon.core.webui.keyword.internal.WebUIKeywordMain.runKeyword(WebUIKeywordMain.groovy:27)
	at com.kms.katalon.core.webui.keyword.builtin.ClickKeyword.click(ClickKeyword.groovy:86)
	at com.kms.katalon.core.webui.keyword.builtin.ClickKeyword.execute(ClickKeyword.groovy:67)
	at com.kms.katalon.core.keyword.internal.KeywordExecutor.executeKeywordForPlatform(KeywordExecutor.groovy:53)
	at com.kms.katalon.core.webui.keyword.WebUiBuiltInKeywords.click(WebUiBuiltInKeywords.groovy:616)
	at com.kms.katalon.core.webui.keyword.WebUiBuiltInKeywords$click$1.call(Unknown Source)
	at TC02-MarcarConsulta.run(TC02-MarcarConsulta:20)
	at com.kms.katalon.core.main.ScriptEngine.run(ScriptEngine.java:194)
	at com.kms.katalon.core.main.ScriptEngine.runScriptAsRawText(ScriptEngine.java:119)
	at com.kms.katalon.core.main.TestCaseExecutor.runScript(TestCaseExecutor.java:321)
	at com.kms.katalon.core.main.TestCaseExecutor.doExecute(TestCaseExecutor.java:312)
	at com.kms.katalon.core.main.TestCaseExecutor.processExecutionPhase(TestCaseExecutor.java:291)
	at com.kms.katalon.core.main.TestCaseExecutor.accessMainPhase(TestCaseExecutor.java:283)
	at com.kms.katalon.core.main.TestCaseExecutor.execute(TestCaseExecutor.java:222)
	at com.kms.katalon.core.main.TestSuiteExecutor.accessTestCaseMainPhase(TestSuiteExecutor.java:129)
	at com.kms.katalon.core.main.TestSuiteExecutor.accessTestSuiteMainPhase(TestSuiteExecutor.java:112)
	at com.kms.katalon.core.main.TestSuiteExecutor.execute(TestSuiteExecutor.java:81)
	at com.kms.katalon.core.main.TestCaseMain.startTestSuite(TestCaseMain.java:149)
	at com.kms.katalon.core.main.TestCaseMain$startTestSuite$0.call(Unknown Source)
	at TempTestSuite1545171546896.run(TempTestSuite1545171546896.groovy:36)


2018-12-18 20:19:25 - [MESSAGE][WARNING] - Test object with id 'Object Repository/null' does not exist

2018-12-18 20:19:25 - [MESSAGE][WARNING] - Test object with id 'Object Repository/' does not exist

2018-12-18 20:19:25 - [MESSAGE][FAILED] - Unable to click on object (Root cause: java.lang.IllegalArgumentException: Object is null)
[[ATTACHMENT|C:\\Users\\aluno\\Katalon Studio\\caso1teste\\Reports\\TS-01CuraKatalon\\20181218_201906\\1545171565055.png]]

2018-12-18 20:19:25 - [MESSAGE][FAILED] - click(findTestObject("null")) FAILED.
Reason:
com.kms.katalon.core.exception.StepFailedException: Unable to click on object (Root cause: java.lang.IllegalArgumentException: Object is null)
	at com.kms.katalon.core.keyword.internal.KeywordMain.stepFailed(KeywordMain.groovy:36)
	at com.kms.katalon.core.webui.keyword.internal.WebUIKeywordMain.stepFailed(WebUIKeywordMain.groovy:65)
	at com.kms.katalon.core.webui.keyword.internal.WebUIKeywordMain.runKeyword(WebUIKeywordMain.groovy:27)
	at com.kms.katalon.core.webui.keyword.builtin.ClickKeyword.click(ClickKeyword.groovy:86)
	at com.kms.katalon.core.webui.keyword.builtin.ClickKeyword.execute(ClickKeyword.groovy:67)
	at com.kms.katalon.core.keyword.internal.KeywordExecutor.executeKeywordForPlatform(KeywordExecutor.groovy:53)
	at com.kms.katalon.core.webui.keyword.WebUiBuiltInKeywords.click(WebUiBuiltInKeywords.groovy:616)
	at com.kms.katalon.core.webui.keyword.WebUiBuiltInKeywords$click$1.call(Unknown Source)
	at TC02-MarcarConsulta.run(TC02-MarcarConsulta:20)
	at com.kms.katalon.core.main.ScriptEngine.run(ScriptEngine.java:194)
	at com.kms.katalon.core.main.ScriptEngine.runScriptAsRawText(ScriptEngine.java:119)
	at com.kms.katalon.core.main.TestCaseExecutor.runScript(TestCaseExecutor.java:321)
	at com.kms.katalon.core.main.TestCaseExecutor.doExecute(TestCaseExecutor.java:312)
	at com.kms.katalon.core.main.TestCaseExecutor.processExecutionPhase(TestCaseExecutor.java:291)
	at com.kms.katalon.core.main.TestCaseExecutor.accessMainPhase(TestCaseExecutor.java:283)
	at com.kms.katalon.core.main.TestCaseExecutor.execute(TestCaseExecutor.java:222)
	at com.kms.katalon.core.main.TestSuiteExecutor.accessTestCaseMainPhase(TestSuiteExecutor.java:129)
	at com.kms.katalon.core.main.TestSuiteExecutor.accessTestSuiteMainPhase(TestSuiteExecutor.java:112)
	at com.kms.katalon.core.main.TestSuiteExecutor.execute(TestSuiteExecutor.java:81)
	at com.kms.katalon.core.main.TestCaseMain.startTestSuite(TestCaseMain.java:149)
	at com.kms.katalon.core.main.TestCaseMain$startTestSuite$0.call(Unknown Source)
	at TempTestSuite1545171546896.run(TempTestSuite1545171546896.groovy:36)]]></system-out>
         <system-err><![CDATA[2018-12-18 20:19:19 - [TEST_CASE][FAILED] - Test Cases/TC02-MarcarConsulta: Test Cases/TC02-MarcarConsulta FAILED.
Reason:
com.kms.katalon.core.exception.StepFailedException: Unable to click on object (Root cause: java.lang.IllegalArgumentException: Object is null)
	at com.kms.katalon.core.keyword.internal.KeywordMain.stepFailed(KeywordMain.groovy:36)
	at com.kms.katalon.core.webui.keyword.internal.WebUIKeywordMain.stepFailed(WebUIKeywordMain.groovy:65)
	at com.kms.katalon.core.webui.keyword.internal.WebUIKeywordMain.runKeyword(WebUIKeywordMain.groovy:27)
	at com.kms.katalon.core.webui.keyword.builtin.ClickKeyword.click(ClickKeyword.groovy:86)
	at com.kms.katalon.core.webui.keyword.builtin.ClickKeyword.execute(ClickKeyword.groovy:67)
	at com.kms.katalon.core.keyword.internal.KeywordExecutor.executeKeywordForPlatform(KeywordExecutor.groovy:53)
	at com.kms.katalon.core.webui.keyword.WebUiBuiltInKeywords.click(WebUiBuiltInKeywords.groovy:616)
	at com.kms.katalon.core.webui.keyword.WebUiBuiltInKeywords$click$1.call(Unknown Source)
	at TC02-MarcarConsulta.run(TC02-MarcarConsulta:20)
	at com.kms.katalon.core.main.ScriptEngine.run(ScriptEngine.java:194)
	at com.kms.katalon.core.main.ScriptEngine.runScriptAsRawText(ScriptEngine.java:119)
	at com.kms.katalon.core.main.TestCaseExecutor.runScript(TestCaseExecutor.java:321)
	at com.kms.katalon.core.main.TestCaseExecutor.doExecute(TestCaseExecutor.java:312)
	at com.kms.katalon.core.main.TestCaseExecutor.processExecutionPhase(TestCaseExecutor.java:291)
	at com.kms.katalon.core.main.TestCaseExecutor.accessMainPhase(TestCaseExecutor.java:283)
	at com.kms.katalon.core.main.TestCaseExecutor.execute(TestCaseExecutor.java:222)
	at com.kms.katalon.core.main.TestSuiteExecutor.accessTestCaseMainPhase(TestSuiteExecutor.java:129)
	at com.kms.katalon.core.main.TestSuiteExecutor.accessTestSuiteMainPhase(TestSuiteExecutor.java:112)
	at com.kms.katalon.core.main.TestSuiteExecutor.execute(TestSuiteExecutor.java:81)
	at com.kms.katalon.core.main.TestCaseMain.startTestSuite(TestCaseMain.java:149)
	at com.kms.katalon.core.main.TestCaseMain$startTestSuite$0.call(Unknown Source)
	at TempTestSuite1545171546896.run(TempTestSuite1545171546896.groovy:36)]]></system-err>
      </testcase>
      <testcase name="Test Cases/TC05-AGORAVAI" classname="Test Cases/TC05-AGORAVAI" status="PASSED">
         <system-out><![CDATA[2018-12-18 20:19:25 - [TEST_CASE][PASSED] - Test Cases/TC05-AGORAVAI: Test Cases/TC05-AGORAVAI

2018-12-18 20:19:26 - [TEST_STEP][PASSED] - openBrowser(""): Browser is opened with url: ''

2018-12-18 20:19:26 - [MESSAGE][WARNING] - A browser is already opened. Closing browser and opening a new one

2018-12-18 20:19:26 - [MESSAGE][INFO] - Starting 'Chrome' driver

2018-12-18 20:19:28 - [MESSAGE][PASSED] - Browser is opened with url: ''

2018-12-18 20:19:28 - [TEST_STEP][PASSED] - navigateToUrl("https://katalon-demo-cura.herokuapp.com/"): Navigate to 'https://katalon-demo-cura.herokuapp.com/' successfully

2018-12-18 20:19:31 - [MESSAGE][PASSED] - Navigate to 'https://katalon-demo-cura.herokuapp.com/' successfully

2018-12-18 20:19:31 - [TEST_STEP][PASSED] - click(findTestObject("Object Repository/AgoraFoi/a_Make Appointment")): Object: 'Object Repository/AgoraFoi/a_Make Appointment' is clicked on

2018-12-18 20:19:31 - [MESSAGE][PASSED] - Object: 'Object Repository/AgoraFoi/a_Make Appointment' is clicked on

2018-12-18 20:19:31 - [TEST_STEP][PASSED] - setText(findTestObject("Object Repository/AgoraFoi/input_Username_username"), "John Doe"): Text 'John Doe' is set on object 'Object Repository/AgoraFoi/input_Username_username'

2018-12-18 20:19:31 - [MESSAGE][PASSED] - Text 'John Doe' is set on object 'Object Repository/AgoraFoi/input_Username_username'

2018-12-18 20:19:31 - [TEST_STEP][PASSED] - setEncryptedText(findTestObject("Object Repository/AgoraFoi/input_Password_password"), "g3/DOGG74jC3Flrr3yH+3D/yKbOqqUNM"): Text ****** has been set on object 'Object Repository/AgoraFoi/input_Password_password'

2018-12-18 20:19:32 - [MESSAGE][PASSED] - Text ****** has been set on object 'Object Repository/AgoraFoi/input_Password_password'

2018-12-18 20:19:32 - [TEST_STEP][PASSED] - click(findTestObject("Object Repository/AgoraFoi/button_Login")): Object: 'Object Repository/AgoraFoi/button_Login' is clicked on

2018-12-18 20:19:32 - [MESSAGE][PASSED] - Object: 'Object Repository/AgoraFoi/button_Login' is clicked on

2018-12-18 20:19:32 - [TEST_STEP][PASSED] - setText(findTestObject("Object Repository/AgoraFoi/input_Visit Date (Required)_vi"), "29/09/1993"): Text '29/09/1993' is set on object 'Object Repository/AgoraFoi/input_Visit Date (Required)_vi'

2018-12-18 20:19:32 - [MESSAGE][PASSED] - Text '29/09/1993' is set on object 'Object Repository/AgoraFoi/input_Visit Date (Required)_vi'

2018-12-18 20:19:32 - [TEST_STEP][PASSED] - click(findTestObject("Object Repository/AgoraFoi/div_Comment")): Object: 'Object Repository/AgoraFoi/div_Comment' is clicked on

2018-12-18 20:19:32 - [MESSAGE][PASSED] - Object: 'Object Repository/AgoraFoi/div_Comment' is clicked on

2018-12-18 20:19:32 - [TEST_STEP][PASSED] - click(findTestObject("Object Repository/AgoraFoi/label_Apply for hospital readm")): Object: 'Object Repository/AgoraFoi/label_Apply for hospital readm' is clicked on

2018-12-18 20:19:33 - [MESSAGE][PASSED] - Object: 'Object Repository/AgoraFoi/label_Apply for hospital readm' is clicked on

2018-12-18 20:19:33 - [TEST_STEP][PASSED] - setText(findTestObject("Object Repository/AgoraFoi/textarea_Comment_comment"), "agoravai"): Text 'agoravai' is set on object 'Object Repository/AgoraFoi/textarea_Comment_comment'

2018-12-18 20:19:33 - [MESSAGE][PASSED] - Text 'agoravai' is set on object 'Object Repository/AgoraFoi/textarea_Comment_comment'

2018-12-18 20:19:33 - [TEST_STEP][PASSED] - click(findTestObject("Object Repository/AgoraFoi/button_Book Appointment")): Object: 'Object Repository/AgoraFoi/button_Book Appointment' is clicked on

2018-12-18 20:19:33 - [MESSAGE][PASSED] - Object: 'Object Repository/AgoraFoi/button_Book Appointment' is clicked on

2018-12-18 20:19:33 - [TEST_STEP][PASSED] - check(findTestObject("Object Repository/AgoraFoi/div_Appointment Confirmation")): Object 'Object Repository/AgoraFoi/div_Appointment Confirmation' is checked

2018-12-18 20:19:33 - [MESSAGE][PASSED] - Object 'Object Repository/AgoraFoi/div_Appointment Confirmation' is checked

2018-12-18 20:19:33 - [TEST_STEP][PASSED] - click(findTestObject("Object Repository/AgoraFoi/i_CURA Healthcare_fa fa-bars")): Object: 'Object Repository/AgoraFoi/i_CURA Healthcare_fa fa-bars' is clicked on

2018-12-18 20:19:33 - [MESSAGE][PASSED] - Object: 'Object Repository/AgoraFoi/i_CURA Healthcare_fa fa-bars' is clicked on

2018-12-18 20:19:33 - [TEST_STEP][PASSED] - click(findTestObject("Object Repository/AgoraFoi/a_History")): Object: 'Object Repository/AgoraFoi/a_History' is clicked on

2018-12-18 20:19:34 - [MESSAGE][PASSED] - Object: 'Object Repository/AgoraFoi/a_History' is clicked on

2018-12-18 20:19:34 - [TEST_STEP][PASSED] - check(findTestObject("Object Repository/AgoraFoi/div_29091993")): Object 'Object Repository/AgoraFoi/div_29091993' is checked

2018-12-18 20:19:34 - [MESSAGE][PASSED] - Object 'Object Repository/AgoraFoi/div_29091993' is checked

2018-12-18 20:19:34 - [TEST_STEP][PASSED] - click(findTestObject("Object Repository/AgoraFoi/a_Go to Homepage")): Object: 'Object Repository/AgoraFoi/a_Go to Homepage' is clicked on

2018-12-18 20:19:34 - [MESSAGE][PASSED] - Object: 'Object Repository/AgoraFoi/a_Go to Homepage' is clicked on

2018-12-18 20:19:34 - [TEST_STEP][PASSED] - closeBrowser(): Browser is closed

2018-12-18 20:19:35 - [MESSAGE][PASSED] - Browser is closed]]></system-out>
         <system-err><![CDATA[]]></system-err>
      </testcase>
      <system-out><![CDATA[2018-12-18 20:19:09 - [TEST_SUITE][FAILED] - TS-01CuraKatalon: Test Cases/TC02-MarcarConsulta FAILED.
Reason:
com.kms.katalon.core.exception.StepFailedException: Unable to click on object (Root cause: java.lang.IllegalArgumentException: Object is null)
	at com.kms.katalon.core.keyword.internal.KeywordMain.stepFailed(KeywordMain.groovy:36)
	at com.kms.katalon.core.webui.keyword.internal.WebUIKeywordMain.stepFailed(WebUIKeywordMain.groovy:65)
	at com.kms.katalon.core.webui.keyword.internal.WebUIKeywordMain.runKeyword(WebUIKeywordMain.groovy:27)
	at com.kms.katalon.core.webui.keyword.builtin.ClickKeyword.click(ClickKeyword.groovy:86)
	at com.kms.katalon.core.webui.keyword.builtin.ClickKeyword.execute(ClickKeyword.groovy:67)
	at com.kms.katalon.core.keyword.internal.KeywordExecutor.executeKeywordForPlatform(KeywordExecutor.groovy:53)
	at com.kms.katalon.core.webui.keyword.WebUiBuiltInKeywords.click(WebUiBuiltInKeywords.groovy:616)
	at com.kms.katalon.core.webui.keyword.WebUiBuiltInKeywords$click$1.call(Unknown Source)
	at TC02-MarcarConsulta.run(TC02-MarcarConsulta:20)
	at com.kms.katalon.core.main.ScriptEngine.run(ScriptEngine.java:194)
	at com.kms.katalon.core.main.ScriptEngine.runScriptAsRawText(ScriptEngine.java:119)
	at com.kms.katalon.core.main.TestCaseExecutor.runScript(TestCaseExecutor.java:321)
	at com.kms.katalon.core.main.TestCaseExecutor.doExecute(TestCaseExecutor.java:312)
	at com.kms.katalon.core.main.TestCaseExecutor.processExecutionPhase(TestCaseExecutor.java:291)
	at com.kms.katalon.core.main.TestCaseExecutor.accessMainPhase(TestCaseExecutor.java:283)
	at com.kms.katalon.core.main.TestCaseExecutor.execute(TestCaseExecutor.java:222)
	at com.kms.katalon.core.main.TestSuiteExecutor.accessTestCaseMainPhase(TestSuiteExecutor.java:129)
	at com.kms.katalon.core.main.TestSuiteExecutor.accessTestSuiteMainPhase(TestSuiteExecutor.java:112)
	at com.kms.katalon.core.main.TestSuiteExecutor.execute(TestSuiteExecutor.java:81)
	at com.kms.katalon.core.main.TestCaseMain.startTestSuite(TestCaseMain.java:149)
	at com.kms.katalon.core.main.TestCaseMain$startTestSuite$0.call(Unknown Source)
	at TempTestSuite1545171546896.run(TempTestSuite1545171546896.groovy:36)]]></system-out>
      <system-err><![CDATA[2018-12-18 20:19:09 - [TEST_SUITE][FAILED] - TS-01CuraKatalon: Test Cases/TC02-MarcarConsulta FAILED.
Reason:
com.kms.katalon.core.exception.StepFailedException: Unable to click on object (Root cause: java.lang.IllegalArgumentException: Object is null)
	at com.kms.katalon.core.keyword.internal.KeywordMain.stepFailed(KeywordMain.groovy:36)
	at com.kms.katalon.core.webui.keyword.internal.WebUIKeywordMain.stepFailed(WebUIKeywordMain.groovy:65)
	at com.kms.katalon.core.webui.keyword.internal.WebUIKeywordMain.runKeyword(WebUIKeywordMain.groovy:27)
	at com.kms.katalon.core.webui.keyword.builtin.ClickKeyword.click(ClickKeyword.groovy:86)
	at com.kms.katalon.core.webui.keyword.builtin.ClickKeyword.execute(ClickKeyword.groovy:67)
	at com.kms.katalon.core.keyword.internal.KeywordExecutor.executeKeywordForPlatform(KeywordExecutor.groovy:53)
	at com.kms.katalon.core.webui.keyword.WebUiBuiltInKeywords.click(WebUiBuiltInKeywords.groovy:616)
	at com.kms.katalon.core.webui.keyword.WebUiBuiltInKeywords$click$1.call(Unknown Source)
	at TC02-MarcarConsulta.run(TC02-MarcarConsulta:20)
	at com.kms.katalon.core.main.ScriptEngine.run(ScriptEngine.java:194)
	at com.kms.katalon.core.main.ScriptEngine.runScriptAsRawText(ScriptEngine.java:119)
	at com.kms.katalon.core.main.TestCaseExecutor.runScript(TestCaseExecutor.java:321)
	at com.kms.katalon.core.main.TestCaseExecutor.doExecute(TestCaseExecutor.java:312)
	at com.kms.katalon.core.main.TestCaseExecutor.processExecutionPhase(TestCaseExecutor.java:291)
	at com.kms.katalon.core.main.TestCaseExecutor.accessMainPhase(TestCaseExecutor.java:283)
	at com.kms.katalon.core.main.TestCaseExecutor.execute(TestCaseExecutor.java:222)
	at com.kms.katalon.core.main.TestSuiteExecutor.accessTestCaseMainPhase(TestSuiteExecutor.java:129)
	at com.kms.katalon.core.main.TestSuiteExecutor.accessTestSuiteMainPhase(TestSuiteExecutor.java:112)
	at com.kms.katalon.core.main.TestSuiteExecutor.execute(TestSuiteExecutor.java:81)
	at com.kms.katalon.core.main.TestCaseMain.startTestSuite(TestCaseMain.java:149)
	at com.kms.katalon.core.main.TestCaseMain$startTestSuite$0.call(Unknown Source)
	at TempTestSuite1545171546896.run(TempTestSuite1545171546896.groovy:36)]]></system-err>
   </testsuite>
</testsuites>
